[debug] [2025-04-11T11:22:58.617Z] ----------------------------------------------------------------------
[debug] [2025-04-11T11:22:58.621Z] Command:       C:\Program Files\nodejs\node.exe C:\Users\DELL\AppData\Roaming\npm\node_modules\firebase-tools\lib\bin\firebase.js init
[debug] [2025-04-11T11:22:58.621Z] CLI Version:   14.1.0
[debug] [2025-04-11T11:22:58.621Z] Platform:      win32
[debug] [2025-04-11T11:22:58.622Z] Node Version:  v22.11.0
[debug] [2025-04-11T11:22:58.622Z] Time:          Fri Apr 11 2025 16:52:58 GMT+0530 (India Standard Time)
[debug] [2025-04-11T11:22:58.622Z] ----------------------------------------------------------------------
[debug] 
[debug] [2025-04-11T11:22:58.627Z] >>> [apiv2][query] GET https://firebase-public.firebaseio.com/cli.json [none]
[debug] [2025-04-11T11:22:58.695Z] > command requires scopes: ["email","openid","https://www.googleapis.com/auth/cloudplatformprojects.readonly","https://www.googleapis.com/auth/firebase","https://www.googleapis.com/auth/cloud-platform"]
[debug] [2025-04-11T11:22:58.696Z] > authorizing via signed-in user (userakashnettechinnov123@gmail.com)
[info] 
     ######## #### ########  ######## ########     ###     ######  ########
     ##        ##  ##     ## ##       ##     ##  ##   ##  ##       ##
     ######    ##  ########  ######   ########  #########  ######  ######
     ##        ##  ##    ##  ##       ##     ## ##     ##       ## ##
     ##       #### ##     ## ######## ########  ##     ##  ######  ########

You're about to initialize a Firebase project in this directory:

  C:\Users\DELL\Downloads\toywebsite08-04-2025\server

[debug] [2025-04-11T11:22:59.332Z] <<< [apiv2][status] GET https://firebase-public.firebaseio.com/cli.json 200
[debug] [2025-04-11T11:22:59.333Z] <<< [apiv2][body] GET https://firebase-public.firebaseio.com/cli.json {"cloudBuildErrorAfter":1594252800000,"cloudBuildWarnAfter":1590019200000,"defaultNode10After":1594252800000,"minVersion":"3.0.5","node8DeploysDisabledAfter":1613390400000,"node8RuntimeDisabledAfter":1615809600000,"node8WarnAfter":1600128000000}
